[12:23:07] [Datafixer Bootstrap/INFO]: 226 Datafixer optimizations took 325 milliseconds
[12:23:13] [Render thread/INFO]: Environment: Environment[sessionHost=https://sessionserver.mojang.com, servicesHost=https://api.minecraftservices.com, name=PROD]
[12:23:13] [Render thread/INFO]: Setting user: huhudedaima
[12:23:13] [Render thread/INFO]: Backend library: LWJGL version 3.3.3+5
[12:23:15] [Render thread/INFO]: Reloading ResourceManager: vanilla
[12:23:15] [Worker-Main-5/INFO]: Found unifont_all_no_pua-15.1.05.hex, loading
[12:23:16] [Worker-Main-1/INFO]: Found unifont_jp_patch-15.1.05.hex, loading
[12:23:18] [Render thread/WARN]: Missing sound for event: minecraft:item.goat_horn.play
[12:23:18] [Render thread/WARN]: Missing sound for event: minecraft:entity.goat.screaming.horn_break
[12:23:18] [Render thread/INFO]: OpenAL initialized on device OpenAL Soft on 扬声器 (Realtek(R) Audio)
[12:23:18] [Render thread/INFO]: Sound engine started
[12:23:18] [Render thread/INFO]: Created: 1024x512x4 minecraft:textures/atlas/blocks.png-atlas
[12:23:18] [Render thread/INFO]: Created: 256x256x4 minecraft:textures/atlas/signs.png-atlas
[12:23:18] [Render thread/INFO]: Created: 512x512x4 minecraft:textures/atlas/banner_patterns.png-atlas
[12:23:18] [Render thread/INFO]: Created: 512x512x4 minecraft:textures/atlas/shield_patterns.png-atlas
[12:23:18] [Render thread/INFO]: Created: 1024x1024x4 minecraft:textures/atlas/armor_trims.png-atlas
[12:23:18] [Render thread/INFO]: Created: 256x256x4 minecraft:textures/atlas/chest.png-atlas
[12:23:18] [Render thread/INFO]: Created: 128x64x4 minecraft:textures/atlas/decorated_pot.png-atlas
[12:23:18] [Render thread/INFO]: Created: 512x256x4 minecraft:textures/atlas/beds.png-atlas
[12:23:18] [Render thread/INFO]: Created: 512x256x4 minecraft:textures/atlas/shulker_boxes.png-atlas
[12:23:19] [Render thread/INFO]: Created: 512x256x0 minecraft:textures/atlas/particles.png-atlas
[12:23:19] [Render thread/INFO]: Created: 512x256x0 minecraft:textures/atlas/paintings.png-atlas
[12:23:19] [Render thread/INFO]: Created: 256x128x0 minecraft:textures/atlas/mob_effects.png-atlas
[12:23:19] [Render thread/INFO]: Created: 64x64x0 minecraft:textures/atlas/map_decorations.png-atlas
[12:23:19] [Render thread/INFO]: Created: 1024x512x0 minecraft:textures/atlas/gui.png-atlas
[12:23:19] [Render thread/WARN]: Shader rendertype_entity_translucent_emissive could not find sampler named Sampler2 in the specified shader program.
[12:23:24] [Worker-Main-5/ERROR]: Exception reading D:\软件\.minecraft\versions\1.21\saves\World1\level.dat
un: Unknown data version: 0
	at erf.a(SourceFile:293) ~[1.21.jar:?]
	at erf.a(SourceFile:253) ~[1.21.jar:?]
	at erf.b(SourceFile:178) ~[1.21.jar:?]
	at java.base/java.util.concurrent.CompletableFuture$AsyncSupply.run(CompletableFuture.java:1768) [?:?]
	at java.base/java.util.concurrent.CompletableFuture$AsyncSupply.exec(CompletableFuture.java:1760) [?:?]
	at java.base/java.util.concurrent.ForkJoinTask.doExec(ForkJoinTask.java:387) [?:?]
	at java.base/java.util.concurrent.ForkJoinPool$WorkQueue.topLevelExec(ForkJoinPool.java:1312) [?:?]
	at java.base/java.util.concurrent.ForkJoinPool.scan(ForkJoinPool.java:1843) [?:?]
	at java.base/java.util.concurrent.ForkJoinPool.runWorker(ForkJoinPool.java:1808) [?:?]
	at java.base/java.util.concurrent.ForkJoinWorkerThread.run(ForkJoinWorkerThread.java:188) [?:?]
[12:23:29] [Render thread/INFO]: Stopping!
